Using pre-set license
Built from '2020.3/staging' branch; Version is '2020.3.28f1 (f5400f52e03f) revision 16072719'; Using compiler version '192528614'; Build Type 'Release'
OS: 'Windows 11  (10.0.22000) 64bit Core' Language: 'fr' Physical Memory: 8074 MB
BatchMode: 1, IsHumanControllingUs: 0, StartBugReporterOnCrash: 0, Is64bit: 1, IsPro: 0

COMMAND LINE ARGUMENTS:
C:\Program Files\Unity\Hub\Editor\2020.3.28f1\Editor\Unity.exe
-adb2
-batchMode
-noUpm
-name
AssetImportWorker0
-projectPath
C:/Users/sidi_/OneDrive/Documents/GitHub/GAME-JAM01/My_Game
-logFile
Logs/AssetImportWorker0.log
-srvPort
51246
Successfully changed project path to: C:/Users/sidi_/OneDrive/Documents/GitHub/GAME-JAM01/My_Game
C:/Users/sidi_/OneDrive/Documents/GitHub/GAME-JAM01/My_Game
Using Asset Import Pipeline V2.
Refreshing native plugins compatible for Editor in 93.78 ms, found 3 plugins.
Preloading 0 native plugins for Editor in 0.00 ms.
Initialize engine version: 2020.3.28f1 (f5400f52e03f)
[Subsystems] Discovering subsystems at path C:/Program Files/Unity/Hub/Editor/2020.3.28f1/Editor/Data/Resources/UnitySubsystems
[Subsystems] Discovering subsystems at path C:/Users/sidi_/OneDrive/Documents/GitHub/GAME-JAM01/My_Game/Assets
GfxDevice: creating device client; threaded=0
Direct3D:
    Version:  Direct3D 11.0 [level 11.1]
    Renderer: Intel(R) UHD Graphics 620 (ID=0x5917)
    Vendor:   
    VRAM:     4037 MB
    Driver:   27.20.100.8682
Initialize mono
Mono path[0] = 'C:/Program Files/Unity/Hub/Editor/2020.3.28f1/Editor/Data/Managed'
Mono path[1] = 'C:/Program Files/Unity/Hub/Editor/2020.3.28f1/Editor/Data/MonoBleedingEdge/lib/mono/unityjit'
Mono config path = 'C:/Program Files/Unity/Hub/Editor/2020.3.28f1/Editor/Data/MonoBleedingEdge/etc'
Using monoOptions --debugger-agent=transport=dt_socket,embedding=1,server=y,suspend=n,address=127.0.0.1:56372
Begin MonoManager ReloadAssembly
Registering precompiled unity dll's ...
Register platform support module: C:/Program Files/Unity/Hub/Editor/2020.3.28f1/Editor/Data/PlaybackEngines/WebGLSupport/UnityEditor.WebGL.Extensions.dll
Register platform support module: C:/Program Files/Unity/Hub/Editor/2020.3.28f1/Editor/Data/PlaybackEngines/WindowsStandaloneSupport/UnityEditor.WindowsStandalone.Extensions.dll
Registered in 0.004508 seconds.
Native extension for WindowsStandalone target not found
Native extension for WebGL target not found
Refreshing native plugins compatible for Editor in 138.06 ms, found 3 plugins.
Preloading 0 native plugins for Editor in 0.00 ms.
Mono: successfully reloaded assembly
- Completed reload, in  1.413 seconds
Domain Reload Profiling:
	ReloadAssembly (1413ms)
		BeginReloadAssembly (133ms)
			ExecutionOrderSort (0ms)
			DisableScriptedObjects (0ms)
			BackupInstance (0ms)
			ReleaseScriptingObjects (0ms)
			CreateAndSetChildDomain (2ms)
		EndReloadAssembly (1147ms)
			LoadAssemblies (129ms)
			RebuildTransferFunctionScriptingTraits (0ms)
			SetupTypeCache (292ms)
			ReleaseScriptCaches (0ms)
			RebuildScriptCaches (79ms)
			SetupLoadedEditorAssemblies (593ms)
				LogAssemblyErrors (0ms)
				InitializePlatformSupportModulesInManaged (14ms)
				SetLoadedEditorAssemblies (1ms)
				RefreshPlugins (138ms)
				BeforeProcessingInitializeOnLoad (18ms)
				ProcessInitializeOnLoadAttributes (350ms)
				ProcessInitializeOnLoadMethodAttributes (72ms)
				AfterProcessingInitializeOnLoad (0ms)
				EditorAssembliesLoaded (0ms)
			ExecutionOrderSort2 (0ms)
			AwakeInstancesAfterBackupRestoration (0ms)
Platform modules already initialized, skipping
Registering precompiled user dll's ...
Registered in 0.010724 seconds.
Begin MonoManager ReloadAssembly
Native extension for WindowsStandalone target not found
Native extension for WebGL target not found
Refreshing native plugins compatible for Editor in 132.11 ms, found 3 plugins.
Preloading 0 native plugins for Editor in 0.00 ms.
Mono: successfully reloaded assembly
- Completed reload, in  2.769 seconds
Domain Reload Profiling:
	ReloadAssembly (2772ms)
		BeginReloadAssembly (297ms)
			ExecutionOrderSort (0ms)
			DisableScriptedObjects (8ms)
			BackupInstance (0ms)
			ReleaseScriptingObjects (0ms)
			CreateAndSetChildDomain (32ms)
		EndReloadAssembly (2360ms)
			LoadAssemblies (203ms)
			RebuildTransferFunctionScriptingTraits (0ms)
			SetupTypeCache (739ms)
			ReleaseScriptCaches (1ms)
			RebuildScriptCaches (121ms)
			SetupLoadedEditorAssemblies (1048ms)
				LogAssemblyErrors (0ms)
				InitializePlatformSupportModulesInManaged (11ms)
				SetLoadedEditorAssemblies (0ms)
				RefreshPlugins (132ms)
				BeforeProcessingInitializeOnLoad (169ms)
				ProcessInitializeOnLoadAttributes (684ms)
				ProcessInitializeOnLoadMethodAttributes (40ms)
				AfterProcessingInitializeOnLoad (12ms)
				EditorAssembliesLoaded (0ms)
			ExecutionOrderSort2 (0ms)
			AwakeInstancesAfterBackupRestoration (13ms)
Platform modules already initialized, skipping
========================================================================
Worker process is ready to serve import requests
Launched and connected shader compiler UnityShaderCompiler.exe after 0.11 seconds
Refreshing native plugins compatible for Editor in 0.91 ms, found 3 plugins.
Preloading 0 native plugins for Editor in 0.00 ms.
Unloading 2316 Unused Serialized files (Serialized files now loaded: 0)
System memory in use before: 99.4 MB.
System memory in use after: 99.4 MB.

Unloading 35 unused Assets to reduce memory usage. Loaded Objects now: 2745.
Total: 5.473100 ms (FindLiveObjects: 0.253400 ms CreateObjectMapping: 0.142300 ms MarkObjects: 4.875600 ms  DeleteObjects: 0.200100 ms)

AssetImportParameters requested are different than current active one (requested -> active):
  custom:framework-win-MediaFoundation: 216162199b28c13a410421893ffa2e32 -> 
  custom:video-decoder-ogg-theora: a1e56fd34408186e4bbccfd4996cb3dc -> 
  custom:container-muxer-webm: aa71ff27fc2769a1b78a27578f13a17b -> 
  custom:container-demuxer-webm: 4f35f7cbe854078d1ac9338744f61a02 -> 
  custom:container-demuxer-ogg: 62fdf1f143b41e24485cea50d1cbac27 -> 
  custom:video-encoder-webm-vp8: eb34c28f22e8b96e1ab97ce403110664 -> 
  custom:video-decoder-webm-vp8: 9c59270c3fd7afecdb556c50c9e8de78 -> 
  custom:audio-decoder-ogg-vorbis: bf7c407c2cedff20999df2af8eb42d56 -> 
  custom:audio-encoder-webm-vorbis: bf7c407c2cedff20999df2af8eb42d56 -> 
========================================================================
Received Import Request.
  path: Assets/Troll Bridge Studios/2D Starter Kit/_Scenes/Demos/Demo Start.unity
  artifactKey: Guid(4e8672f691f49dc43a93e1af300331fd) Importer(815301076,1909f56bfc062723c751e8b465ee728b)
Start importing Assets/Troll Bridge Studios/2D Starter Kit/_Scenes/Demos/Demo Start.unity using Guid(4e8672f691f49dc43a93e1af300331fd) Importer(815301076,1909f56bfc062723c751e8b465ee728b)  -> (artifact id: '0591f6a0a51f5d1620af2fab5ecbbc69') in 0.022247 seconds 
  Import took 0.030761 seconds .

========================================================================
Received Import Request.
  Time since last request: 0.000527 seconds.
  path: Assets/Troll Bridge Studios/2D Starter Kit/_Scenes
  artifactKey: Guid(d1468f201d7007d44bd5f89fd7c2b575) Importer(815301076,1909f56bfc062723c751e8b465ee728b)
Start importing Assets/Troll Bridge Studios/2D Starter Kit/_Scenes using Guid(d1468f201d7007d44bd5f89fd7c2b575) Importer(815301076,1909f56bfc062723c751e8b465ee728b)  -> (artifact id: '9380d1903fb1a9a749f88108fe0cb54c') in 0.003864 seconds 
  Import took 0.014323 seconds .

========================================================================
Received Import Request.
  Time since last request: 0.000740 seconds.
  path: Assets/Troll Bridge Studios/Editor
  artifactKey: Guid(3253e456731a13e43bc5f75f2b8fa524) Importer(815301076,1909f56bfc062723c751e8b465ee728b)
Start importing Assets/Troll Bridge Studios/Editor using Guid(3253e456731a13e43bc5f75f2b8fa524) Importer(815301076,1909f56bfc062723c751e8b465ee728b)  -> (artifact id: 'c8af319226424a2ecc90f11e65763fc1') in 0.005156 seconds 
  Import took 0.016377 seconds .

========================================================================
Received Import Request.
  Time since last request: 0.000564 seconds.
  path: Assets/Troll Bridge Studios/2D Starter Kit
  artifactKey: Guid(baf37ab1c6e3af945b3fa7b0d53669f7) Importer(815301076,1909f56bfc062723c751e8b465ee728b)
Start importing Assets/Troll Bridge Studios/2D Starter Kit using Guid(baf37ab1c6e3af945b3fa7b0d53669f7) Importer(815301076,1909f56bfc062723c751e8b465ee728b)  -> (artifact id: 'd4d371e90e1b8972f24b5d02b963c65d') in 0.007520 seconds 
  Import took 0.033308 seconds .

========================================================================
Received Import Request.
  Time since last request: 481.009282 seconds.
  path: Assets/Troll Bridge Studios
  artifactKey: Guid(abf2a33183a3b694196bdd00dbde7f9e) Importer(815301076,1909f56bfc062723c751e8b465ee728b)
Start importing Assets/Troll Bridge Studios using Guid(abf2a33183a3b694196bdd00dbde7f9e) Importer(815301076,1909f56bfc062723c751e8b465ee728b)  -> (artifact id: 'a3b4a9c8ac93385072bd321fc3f92bdb') in 0.004125 seconds 
  Import took 0.011148 seconds .

========================================================================
Received Import Request.
  Time since last request: 7.087220 seconds.
  path: Assets/Troll Bridge Studios/2D Starter Kit/_Scenes/Additional Scenes (Do not run)/gorilla.prefab
  artifactKey: Guid(8d6805abb317afe48aa628f9ee35e99b) Importer(815301076,1909f56bfc062723c751e8b465ee728b)
Start importing Assets/Troll Bridge Studios/2D Starter Kit/_Scenes/Additional Scenes (Do not run)/gorilla.prefab using Guid(8d6805abb317afe48aa628f9ee35e99b) Importer(815301076,1909f56bfc062723c751e8b465ee728b)  -> (artifact id: 'adc16fdcf55f190412352184d3d4f447') in 0.232012 seconds 
  Import took 0.240973 seconds .

========================================================================
Received Import Request.
  Time since last request: 5.792156 seconds.
  path: Assets/Troll Bridge Studios/2D Starter Kit/_Scenes/Additional Scenes (Do not run)/InnBasementSettings.lighting
  artifactKey: Guid(7888d5140e9f88543ab1930fde526af1) Importer(815301076,1909f56bfc062723c751e8b465ee728b)
Start importing Assets/Troll Bridge Studios/2D Starter Kit/_Scenes/Additional Scenes (Do not run)/InnBasementSettings.lighting using Guid(7888d5140e9f88543ab1930fde526af1) Importer(815301076,1909f56bfc062723c751e8b465ee728b) LightingSettings: switching bake backend from 1 to 0.
 -> (artifact id: '32cb10ff7a2760c3668e81e3b006dc12') in 0.009127 seconds 
  Import took 0.018509 seconds .

========================================================================
Received Import Request.
  Time since last request: 6.341701 seconds.
  path: Assets/Troll Bridge Studios/2D Starter Kit/_Scenes/Additional Scenes (Do not run)/InnBasement.unity
  artifactKey: Guid(da89c6db9cb62d541878d1fe25ab0bf5) Importer(815301076,1909f56bfc062723c751e8b465ee728b)
Start importing Assets/Troll Bridge Studios/2D Starter Kit/_Scenes/Additional Scenes (Do not run)/InnBasement.unity using Guid(da89c6db9cb62d541878d1fe25ab0bf5) Importer(815301076,1909f56bfc062723c751e8b465ee728b)  -> (artifact id: 'bdb914a6e9a66412aac2b485579b747b') in 0.006043 seconds 
  Import took 0.014848 seconds .

========================================================================
Received Prepare
Registering precompiled user dll's ...
Registered in 0.026481 seconds.
Begin MonoManager ReloadAssembly
Native extension for WindowsStandalone target not found
Native extension for WebGL target not found
Refreshing native plugins compatible for Editor in 0.85 ms, found 3 plugins.
Preloading 0 native plugins for Editor in 0.00 ms.
Mono: successfully reloaded assembly
- Completed reload, in  2.887 seconds
Domain Reload Profiling:
	ReloadAssembly (2888ms)
		BeginReloadAssembly (426ms)
			ExecutionOrderSort (0ms)
			DisableScriptedObjects (15ms)
			BackupInstance (0ms)
			ReleaseScriptingObjects (0ms)
			CreateAndSetChildDomain (107ms)
		EndReloadAssembly (2210ms)
			LoadAssemblies (455ms)
			RebuildTransferFunctionScriptingTraits (0ms)
			SetupTypeCache (632ms)
			ReleaseScriptCaches (2ms)
			RebuildScriptCaches (107ms)
			SetupLoadedEditorAssemblies (876ms)
				LogAssemblyErrors (0ms)
				InitializePlatformSupportModulesInManaged (27ms)
				SetLoadedEditorAssemblies (1ms)
				RefreshPlugins (1ms)
				BeforeProcessingInitializeOnLoad (163ms)
				ProcessInitializeOnLoadAttributes (653ms)
				ProcessInitializeOnLoadMethodAttributes (24ms)
				AfterProcessingInitializeOnLoad (8ms)
				EditorAssembliesLoaded (0ms)
			ExecutionOrderSort2 (0ms)
			AwakeInstancesAfterBackupRestoration (19ms)
Platform modules already initialized, skipping
Refreshing native plugins compatible for Editor in 0.67 ms, found 3 plugins.
Preloading 0 native plugins for Editor in 0.00 ms.
Unloading 2311 Unused Serialized files (Serialized files now loaded: 0)
System memory in use before: 102.4 MB.
System memory in use after: 102.5 MB.

Unloading 24 unused Assets to reduce memory usage. Loaded Objects now: 2754.
Total: 4.221000 ms (FindLiveObjects: 0.301300 ms CreateObjectMapping: 0.155700 ms MarkObjects: 3.582700 ms  DeleteObjects: 0.179500 ms)

AssetImportParameters requested are different than current active one (requested -> active):
  custom:framework-win-MediaFoundation: 216162199b28c13a410421893ffa2e32 -> 
  custom:video-decoder-ogg-theora: a1e56fd34408186e4bbccfd4996cb3dc -> 
  custom:container-muxer-webm: aa71ff27fc2769a1b78a27578f13a17b -> 
  custom:container-demuxer-webm: 4f35f7cbe854078d1ac9338744f61a02 -> 
  custom:container-demuxer-ogg: 62fdf1f143b41e24485cea50d1cbac27 -> 
  custom:video-encoder-webm-vp8: eb34c28f22e8b96e1ab97ce403110664 -> 
  custom:video-decoder-webm-vp8: 9c59270c3fd7afecdb556c50c9e8de78 -> 
  custom:audio-decoder-ogg-vorbis: bf7c407c2cedff20999df2af8eb42d56 -> 
  custom:audio-encoder-webm-vorbis: bf7c407c2cedff20999df2af8eb42d56 -> 
========================================================================
Received Import Request.
  Time since last request: 1547.229777 seconds.
  path: Assets/Troll Bridge Studios/2D Starter Kit/Art/bag.psd
  artifactKey: Guid(147b96cbe94aacf4bab7a7b647be95e2) Importer(815301076,1909f56bfc062723c751e8b465ee728b)
Start importing Assets/Troll Bridge Studios/2D Starter Kit/Art/bag.psd using Guid(147b96cbe94aacf4bab7a7b647be95e2) Importer(815301076,1909f56bfc062723c751e8b465ee728b)  -> (artifact id: '5c15ac4c078c28021a83cc54329577ce') in 1.267262 seconds 
  Import took 1.394242 seconds .

========================================================================
Received Import Request.
  Time since last request: 0.001636 seconds.
  path: Assets/Troll Bridge Studios/2D Starter Kit/Art/bridgeEnd1.psd
  artifactKey: Guid(342be23979bda4f44b020b78bf96e346) Importer(815301076,1909f56bfc062723c751e8b465ee728b)
Start importing Assets/Troll Bridge Studios/2D Starter Kit/Art/bridgeEnd1.psd using Guid(342be23979bda4f44b020b78bf96e346) Importer(815301076,1909f56bfc062723c751e8b465ee728b)  -> (artifact id: '3e269299bce52c9e4786b86e4a0972a4') in 0.017961 seconds 
  Import took 0.026502 seconds .

========================================================================
Received Import Request.
  Time since last request: 0.000479 seconds.
  path: Assets/Troll Bridge Studios/2D Starter Kit/Art/BrownBag.png
  artifactKey: Guid(4c01a36f8e2d9c748a8a5bcb485d2491) Importer(815301076,1909f56bfc062723c751e8b465ee728b)
Start importing Assets/Troll Bridge Studios/2D Starter Kit/Art/BrownBag.png using Guid(4c01a36f8e2d9c748a8a5bcb485d2491) Importer(815301076,1909f56bfc062723c751e8b465ee728b)  -> (artifact id: '19cc3aa55b6d29644d903479802534b0') in 0.035316 seconds 
  Import took 0.047415 seconds .

========================================================================
Received Import Request.
  Time since last request: 0.000792 seconds.
  path: Assets/Troll Bridge Studios/2D Starter Kit/Art/stairs.psd
  artifactKey: Guid(ed68da6a0c6f5924cb36864a645420bb) Importer(815301076,1909f56bfc062723c751e8b465ee728b)
Start importing Assets/Troll Bridge Studios/2D Starter Kit/Art/stairs.psd using Guid(ed68da6a0c6f5924cb36864a645420bb) Importer(815301076,1909f56bfc062723c751e8b465ee728b)  -> (artifact id: 'f13251a2eacf78991878666ce59a71a2') in 0.053497 seconds 
  Import took 0.063393 seconds .

========================================================================
Received Import Request.
  Time since last request: 0.000443 seconds.
  path: Assets/Troll Bridge Studios/2D Starter Kit/Art/inventory 1.psd
  artifactKey: Guid(f62000a58a58268478a3f31782d77d5d) Importer(815301076,1909f56bfc062723c751e8b465ee728b)
Start importing Assets/Troll Bridge Studios/2D Starter Kit/Art/inventory 1.psd using Guid(f62000a58a58268478a3f31782d77d5d) Importer(815301076,1909f56bfc062723c751e8b465ee728b)  -> (artifact id: 'b40c5e7cdc268119e9c34c7b9911fcac') in 0.028582 seconds 
  Import took 0.042409 seconds .

========================================================================
Received Import Request.
  Time since last request: 0.000561 seconds.
  path: Assets/Troll Bridge Studios/2D Starter Kit/Art/stairsTop.psd
  artifactKey: Guid(f380eda7a2f40094dbb25416ebdd86ee) Importer(815301076,1909f56bfc062723c751e8b465ee728b)
Start importing Assets/Troll Bridge Studios/2D Starter Kit/Art/stairsTop.psd using Guid(f380eda7a2f40094dbb25416ebdd86ee) Importer(815301076,1909f56bfc062723c751e8b465ee728b)  -> (artifact id: 'dbbbaa4bd6e97967c176418ce5d69635') in 0.040753 seconds 
  Import took 0.052405 seconds .

========================================================================
Received Import Request.
  Time since last request: 0.000497 seconds.
  path: Assets/Troll Bridge Studios/2D Starter Kit/Art/slot.png
  artifactKey: Guid(fca9c1e9ed995fa4baa31301bc0a60cd) Importer(815301076,1909f56bfc062723c751e8b465ee728b)
Start importing Assets/Troll Bridge Studios/2D Starter Kit/Art/slot.png using Guid(fca9c1e9ed995fa4baa31301bc0a60cd) Importer(815301076,1909f56bfc062723c751e8b465ee728b)  -> (artifact id: 'edbdd9710bc2c251d3dc95cad861a1d6') in 0.024319 seconds 
  Import took 0.034342 seconds .

========================================================================
Received Import Request.
  Time since last request: 0.000492 seconds.
  path: Assets/Troll Bridge Studios/2D Starter Kit/Art/Statue_Gorille.png
  artifactKey: Guid(28e42af5cc4541c408abfc9b4026944b) Importer(815301076,1909f56bfc062723c751e8b465ee728b)
Start importing Assets/Troll Bridge Studios/2D Starter Kit/Art/Statue_Gorille.png using Guid(28e42af5cc4541c408abfc9b4026944b) Importer(815301076,1909f56bfc062723c751e8b465ee728b)  -> (artifact id: 'c16b0569912bdb1241bb773c759401ec') in 0.031424 seconds 
  Import took 0.048055 seconds .

========================================================================
Received Import Request.
  Time since last request: 0.000505 seconds.
  path: Assets/Troll Bridge Studios/2D Starter Kit/Art/shield3.png
  artifactKey: Guid(885f6b1e6f7b791418ab933abed456f3) Importer(815301076,1909f56bfc062723c751e8b465ee728b)
Start importing Assets/Troll Bridge Studios/2D Starter Kit/Art/shield3.png using Guid(885f6b1e6f7b791418ab933abed456f3) Importer(815301076,1909f56bfc062723c751e8b465ee728b)  -> (artifact id: '4800da5ed4ff1a26275bc3b69810eae1') in 0.030987 seconds 
  Import took 0.041979 seconds .

========================================================================
Received Import Request.
  Time since last request: 0.000503 seconds.
  path: Assets/Troll Bridge Studios/2D Starter Kit/Art/shield2.png
  artifactKey: Guid(6fa3b3b5404a9f9429fef93bbcae6689) Importer(815301076,1909f56bfc062723c751e8b465ee728b)
Start importing Assets/Troll Bridge Studios/2D Starter Kit/Art/shield2.png using Guid(6fa3b3b5404a9f9429fef93bbcae6689) Importer(815301076,1909f56bfc062723c751e8b465ee728b)  -> (artifact id: '2d1be7f598cceb3bec4a2def04a7f658') in 0.033674 seconds 
  Import took 0.043584 seconds .

========================================================================
Received Import Request.
  Time since last request: 0.000493 seconds.
  path: Assets/Troll Bridge Studios/2D Starter Kit/Art/bridgeEndGrass2.psd
  artifactKey: Guid(ef49e1a637f7926409e157a279223034) Importer(815301076,1909f56bfc062723c751e8b465ee728b)
Start importing Assets/Troll Bridge Studios/2D Starter Kit/Art/bridgeEndGrass2.psd using Guid(ef49e1a637f7926409e157a279223034) Importer(815301076,1909f56bfc062723c751e8b465ee728b)  -> (artifact id: '1c92b6b0462398723a823e7037fe2405') in 0.032101 seconds 
  Import took 0.045619 seconds .

========================================================================
Received Import Request.
  Time since last request: 0.000452 seconds.
  path: Assets/Troll Bridge Studios/2D Starter Kit/Art/inventory.psd
  artifactKey: Guid(a56a94e2dbd035347bdbd8efca7ce698) Importer(815301076,1909f56bfc062723c751e8b465ee728b)
Start importing Assets/Troll Bridge Studios/2D Starter Kit/Art/inventory.psd using Guid(a56a94e2dbd035347bdbd8efca7ce698) Importer(815301076,1909f56bfc062723c751e8b465ee728b)  -> (artifact id: '1fdc8cf7081ef71f96361dc6974b92dc') in 0.116848 seconds 
  Import took 0.126161 seconds .

========================================================================
Received Import Request.
  Time since last request: 0.000433 seconds.
  path: Assets/Troll Bridge Studios/2D Starter Kit/Art/ChestSpriteSheet.png
  artifactKey: Guid(5d8113d9ea837494d8c1e45736180477) Importer(815301076,1909f56bfc062723c751e8b465ee728b)
Start importing Assets/Troll Bridge Studios/2D Starter Kit/Art/ChestSpriteSheet.png using Guid(5d8113d9ea837494d8c1e45736180477) Importer(815301076,1909f56bfc062723c751e8b465ee728b)  -> (artifact id: '314349da1087a0dca11461f107338e0c') in 0.087985 seconds 
  Import took 0.096361 seconds .

========================================================================
Received Import Request.
  Time since last request: 0.000887 seconds.
  path: Assets/Troll Bridge Studios/2D Starter Kit/Art/Items.png
  artifactKey: Guid(e185f4cd80810734d88878bb8831f524) Importer(815301076,1909f56bfc062723c751e8b465ee728b)
Start importing Assets/Troll Bridge Studios/2D Starter Kit/Art/Items.png using Guid(e185f4cd80810734d88878bb8831f524) Importer(815301076,1909f56bfc062723c751e8b465ee728b)  -> (artifact id: '4f56cb8a54cbe6d0de012f01eb4b1b63') in 0.054955 seconds 
  Import took 0.065709 seconds .

========================================================================
Received Import Request.
  Time since last request: 0.000443 seconds.
  path: Assets/Troll Bridge Studios/2D Starter Kit/Art/bridgeEnd2.psd
  artifactKey: Guid(24868b3fbee4bf84498846db12259d4d) Importer(815301076,1909f56bfc062723c751e8b465ee728b)
Start importing Assets/Troll Bridge Studios/2D Starter Kit/Art/bridgeEnd2.psd using Guid(24868b3fbee4bf84498846db12259d4d) Importer(815301076,1909f56bfc062723c751e8b465ee728b)  -> (artifact id: '27069c58307501249bd2b9f41d558141') in 0.042880 seconds 
  Import took 0.071759 seconds .

========================================================================
Received Import Request.
  Time since last request: 0.023226 seconds.
  path: Assets/Troll Bridge Studios/2D Starter Kit/Art/bridgeMain.psd
  artifactKey: Guid(928e44e41f5356f4e843a70609cc8129) Importer(815301076,1909f56bfc062723c751e8b465ee728b)
Start importing Assets/Troll Bridge Studios/2D Starter Kit/Art/bridgeMain.psd using Guid(928e44e41f5356f4e843a70609cc8129) Importer(815301076,1909f56bfc062723c751e8b465ee728b)  -> (artifact id: 'e41b6c4070af5f970da903e11a06fdef') in 0.052424 seconds 
  Import took 0.070622 seconds .

========================================================================
Received Import Request.
  Time since last request: 0.000504 seconds.
  path: Assets/Troll Bridge Studios/2D Starter Kit/Art/bridgeEndGrass1.psd
  artifactKey: Guid(c457ce4830858fe4fafbf4ddf196c57b) Importer(815301076,1909f56bfc062723c751e8b465ee728b)
Start importing Assets/Troll Bridge Studios/2D Starter Kit/Art/bridgeEndGrass1.psd using Guid(c457ce4830858fe4fafbf4ddf196c57b) Importer(815301076,1909f56bfc062723c751e8b465ee728b)  -> (artifact id: 'b58ac1697af56cb96a67de5c702ec67d') in 0.024666 seconds 
  Import took 0.032705 seconds .

========================================================================
Received Import Request.
  Time since last request: 0.000386 seconds.
  path: Assets/Troll Bridge Studios/2D Starter Kit/Art/shield1.png
  artifactKey: Guid(fb04dd40ac53df34d98f3d2292a71af1) Importer(815301076,1909f56bfc062723c751e8b465ee728b)
Start importing Assets/Troll Bridge Studios/2D Starter Kit/Art/shield1.png using Guid(fb04dd40ac53df34d98f3d2292a71af1) Importer(815301076,1909f56bfc062723c751e8b465ee728b)  -> (artifact id: '91cbd276c4ab87144ab9269dce5da4c7') in 0.033552 seconds 
  Import took 0.041433 seconds .

========================================================================
Received Import Request.
  Time since last request: 33.597950 seconds.
  path: Assets/Troll Bridge Studios/2D Starter Kit/_Scenes/Additional Scenes (Do not run)/MainWorld.unity
  artifactKey: Guid(431054be93933714bad788bf47bd8d23) Importer(815301076,1909f56bfc062723c751e8b465ee728b)
Start importing Assets/Troll Bridge Studios/2D Starter Kit/_Scenes/Additional Scenes (Do not run)/MainWorld.unity using Guid(431054be93933714bad788bf47bd8d23) Importer(815301076,1909f56bfc062723c751e8b465ee728b)  -> (artifact id: '9c479d3c39256adef9becf23aaac99f5') in 0.008240 seconds 
  Import took 0.036901 seconds .

